2022-10-31 12:47:12 DEBUG BasicTypeRegistry:156 - Adding type registration boolean -> org.hibernate.type.BooleanType@6109d880
2022-10-31 12:47:12 DEBUG BasicTypeRegistry:156 - Adding type registration boolean -> org.hibernate.type.BooleanType@6109d880
2022-10-31 12:47:12 DEBUG BasicTypeRegistry:156 - Adding type registration java.lang.Boolean -> org.hibernate.type.BooleanType@6109d880
2022-10-31 12:47:12 DEBUG BasicTypeRegistry:156 - Adding type registration numeric_boolean -> org.hibernate.type.NumericBooleanType@44618fe6
2022-10-31 12:47:12 DEBUG BasicTypeRegistry:156 - Adding type registration true_false -> org.hibernate.type.TrueFalseType@123c48d0
2022-10-31 12:47:12 DEBUG BasicTypeRegistry:156 - Adding type registration yes_no -> org.hibernate.type.YesNoType@6f785a27
2022-10-31 12:47:12 DEBUG BasicTypeRegistry:156 - Adding type registration byte -> org.hibernate.type.ByteType@30a791a6
2022-10-31 12:47:12 DEBUG BasicTypeRegistry:156 - Adding type registration byte -> org.hibernate.type.ByteType@30a791a6
2022-10-31 12:47:12 DEBUG BasicTypeRegistry:156 - Adding type registration java.lang.Byte -> org.hibernate.type.ByteType@30a791a6
2022-10-31 12:47:12 DEBUG BasicTypeRegistry:156 - Adding type registration character -> org.hibernate.type.CharacterType@6abd8bcd
2022-10-31 12:47:12 DEBUG BasicTypeRegistry:156 - Adding type registration char -> org.hibernate.type.CharacterType@6abd8bcd
2022-10-31 12:47:12 DEBUG BasicTypeRegistry:156 - Adding type registration java.lang.Character -> org.hibernate.type.CharacterType@6abd8bcd
2022-10-31 12:47:12 DEBUG BasicTypeRegistry:156 - Adding type registration short -> org.hibernate.type.ShortType@2b1a1a37
2022-10-31 12:47:12 DEBUG BasicTypeRegistry:156 - Adding type registration short -> org.hibernate.type.ShortType@2b1a1a37
2022-10-31 12:47:12 DEBUG BasicTypeRegistry:156 - Adding type registration java.lang.Short -> org.hibernate.type.ShortType@2b1a1a37
2022-10-31 12:47:12 DEBUG BasicTypeRegistry:156 - Adding type registration integer -> org.hibernate.type.IntegerType@69944a90
2022-10-31 12:47:12 DEBUG BasicTypeRegistry:156 - Adding type registration int -> org.hibernate.type.IntegerType@69944a90
2022-10-31 12:47:12 DEBUG BasicTypeRegistry:156 - Adding type registration java.lang.Integer -> org.hibernate.type.IntegerType@69944a90
2022-10-31 12:47:12 DEBUG BasicTypeRegistry:156 - Adding type registration long -> org.hibernate.type.LongType@af04f09
2022-10-31 12:47:12 DEBUG BasicTypeRegistry:156 - Adding type registration long -> org.hibernate.type.LongType@af04f09
2022-10-31 12:47:12 DEBUG BasicTypeRegistry:156 - Adding type registration java.lang.Long -> org.hibernate.type.LongType@af04f09
2022-10-31 12:47:12 DEBUG BasicTypeRegistry:156 - Adding type registration float -> org.hibernate.type.FloatType@1293f8d7
2022-10-31 12:47:12 DEBUG BasicTypeRegistry:156 - Adding type registration float -> org.hibernate.type.FloatType@1293f8d7
2022-10-31 12:47:12 DEBUG BasicTypeRegistry:156 - Adding type registration java.lang.Float -> org.hibernate.type.FloatType@1293f8d7
2022-10-31 12:47:12 DEBUG BasicTypeRegistry:156 - Adding type registration double -> org.hibernate.type.DoubleType@11b14ae3
2022-10-31 12:47:12 DEBUG BasicTypeRegistry:156 - Adding type registration double -> org.hibernate.type.DoubleType@11b14ae3
2022-10-31 12:47:12 DEBUG BasicTypeRegistry:156 - Adding type registration java.lang.Double -> org.hibernate.type.DoubleType@11b14ae3
2022-10-31 12:47:12 DEBUG BasicTypeRegistry:156 - Adding type registration big_decimal -> org.hibernate.type.BigDecimalType@504c415c
2022-10-31 12:47:12 DEBUG BasicTypeRegistry:156 - Adding type registration java.math.BigDecimal -> org.hibernate.type.BigDecimalType@504c415c
2022-10-31 12:47:12 DEBUG BasicTypeRegistry:156 - Adding type registration big_integer -> org.hibernate.type.BigIntegerType@3c116f26
2022-10-31 12:47:12 DEBUG BasicTypeRegistry:156 - Adding type registration java.math.BigInteger -> org.hibernate.type.BigIntegerType@3c116f26
2022-10-31 12:47:12 DEBUG BasicTypeRegistry:156 - Adding type registration string -> org.hibernate.type.StringType@5bdb6ea8
2022-10-31 12:47:12 DEBUG BasicTypeRegistry:156 - Adding type registration java.lang.String -> org.hibernate.type.StringType@5bdb6ea8
2022-10-31 12:47:12 DEBUG BasicTypeRegistry:156 - Adding type registration nstring -> org.hibernate.type.StringNVarcharType@127d2aee
2022-10-31 12:47:12 DEBUG BasicTypeRegistry:156 - Adding type registration ncharacter -> org.hibernate.type.CharacterNCharType@3a589eed
2022-10-31 12:47:12 DEBUG BasicTypeRegistry:156 - Adding type registration url -> org.hibernate.type.UrlType@9499643
2022-10-31 12:47:12 DEBUG BasicTypeRegistry:156 - Adding type registration java.net.URL -> org.hibernate.type.UrlType@9499643
2022-10-31 12:47:12 DEBUG BasicTypeRegistry:156 - Adding type registration Duration -> org.hibernate.type.DurationType@45f95ac0
2022-10-31 12:47:12 DEBUG BasicTypeRegistry:156 - Adding type registration java.time.Duration -> org.hibernate.type.DurationType@45f95ac0
2022-10-31 12:47:12 DEBUG BasicTypeRegistry:156 - Adding type registration Instant -> org.hibernate.type.InstantType@52035328
2022-10-31 12:47:12 DEBUG BasicTypeRegistry:156 - Adding type registration java.time.Instant -> org.hibernate.type.InstantType@52035328
2022-10-31 12:47:12 DEBUG BasicTypeRegistry:156 - Adding type registration LocalDateTime -> org.hibernate.type.LocalDateTimeType@349aeec4
2022-10-31 12:47:12 DEBUG BasicTypeRegistry:156 - Adding type registration java.time.LocalDateTime -> org.hibernate.type.LocalDateTimeType@349aeec4
2022-10-31 12:47:12 DEBUG BasicTypeRegistry:156 - Adding type registration LocalDate -> org.hibernate.type.LocalDateType@7744195
2022-10-31 12:47:12 DEBUG BasicTypeRegistry:156 - Adding type registration java.time.LocalDate -> org.hibernate.type.LocalDateType@7744195
2022-10-31 12:47:12 DEBUG BasicTypeRegistry:156 - Adding type registration LocalTime -> org.hibernate.type.LocalTimeType@ba87c11
2022-10-31 12:47:12 DEBUG BasicTypeRegistry:156 - Adding type registration java.time.LocalTime -> org.hibernate.type.LocalTimeType@ba87c11
2022-10-31 12:47:12 DEBUG BasicTypeRegistry:156 - Adding type registration OffsetDateTime -> org.hibernate.type.OffsetDateTimeType@6032622
2022-10-31 12:47:12 DEBUG BasicTypeRegistry:156 - Adding type registration java.time.OffsetDateTime -> org.hibernate.type.OffsetDateTimeType@6032622
2022-10-31 12:47:12 DEBUG BasicTypeRegistry:156 - Adding type registration OffsetTime -> org.hibernate.type.OffsetTimeType@113c4ad6
2022-10-31 12:47:12 DEBUG BasicTypeRegistry:156 - Adding type registration java.time.OffsetTime -> org.hibernate.type.OffsetTimeType@113c4ad6
2022-10-31 12:47:12 DEBUG BasicTypeRegistry:156 - Adding type registration ZonedDateTime -> org.hibernate.type.ZonedDateTimeType@2de7fe0e
2022-10-31 12:47:12 DEBUG BasicTypeRegistry:156 - Adding type registration java.time.ZonedDateTime -> org.hibernate.type.ZonedDateTimeType@2de7fe0e
2022-10-31 12:47:12 DEBUG BasicTypeRegistry:156 - Adding type registration date -> org.hibernate.type.DateType@21c5c68a
2022-10-31 12:47:12 DEBUG BasicTypeRegistry:156 - Adding type registration java.sql.Date -> org.hibernate.type.DateType@21c5c68a
2022-10-31 12:47:12 DEBUG BasicTypeRegistry:156 - Adding type registration time -> org.hibernate.type.TimeType@637d111d
2022-10-31 12:47:12 DEBUG BasicTypeRegistry:156 - Adding type registration java.sql.Time -> org.hibernate.type.TimeType@637d111d
2022-10-31 12:47:12 DEBUG BasicTypeRegistry:156 - Adding type registration timestamp -> org.hibernate.type.TimestampType@1700d089
2022-10-31 12:47:12 DEBUG BasicTypeRegistry:156 - Adding type registration java.sql.Timestamp -> org.hibernate.type.TimestampType@1700d089
2022-10-31 12:47:12 DEBUG BasicTypeRegistry:156 - Adding type registration java.util.Date -> org.hibernate.type.TimestampType@1700d089
2022-10-31 12:47:12 DEBUG BasicTypeRegistry:156 - Adding type registration dbtimestamp -> org.hibernate.type.DbTimestampType@3bb4c2b2
2022-10-31 12:47:12 DEBUG BasicTypeRegistry:156 - Adding type registration calendar -> org.hibernate.type.CalendarType@85c3522
2022-10-31 12:47:12 DEBUG BasicTypeRegistry:156 - Adding type registration java.util.Calendar -> org.hibernate.type.CalendarType@85c3522
2022-10-31 12:47:12 DEBUG BasicTypeRegistry:156 - Adding type registration java.util.GregorianCalendar -> org.hibernate.type.CalendarType@85c3522
2022-10-31 12:47:12 DEBUG BasicTypeRegistry:156 - Adding type registration calendar_date -> org.hibernate.type.CalendarDateType@129c760d
2022-10-31 12:47:12 DEBUG BasicTypeRegistry:156 - Adding type registration locale -> org.hibernate.type.LocaleType@2f3a8166
2022-10-31 12:47:12 DEBUG BasicTypeRegistry:156 - Adding type registration java.util.Locale -> org.hibernate.type.LocaleType@2f3a8166
2022-10-31 12:47:12 DEBUG BasicTypeRegistry:156 - Adding type registration currency -> org.hibernate.type.CurrencyType@7cd25bf5
2022-10-31 12:47:12 DEBUG BasicTypeRegistry:156 - Adding type registration java.util.Currency -> org.hibernate.type.CurrencyType@7cd25bf5
2022-10-31 12:47:12 DEBUG BasicTypeRegistry:156 - Adding type registration timezone -> org.hibernate.type.TimeZoneType@3a6b94b6
2022-10-31 12:47:12 DEBUG BasicTypeRegistry:156 - Adding type registration java.util.TimeZone -> org.hibernate.type.TimeZoneType@3a6b94b6
2022-10-31 12:47:12 DEBUG BasicTypeRegistry:156 - Adding type registration class -> org.hibernate.type.ClassType@25e353dc
2022-10-31 12:47:12 DEBUG BasicTypeRegistry:156 - Adding type registration java.lang.Class -> org.hibernate.type.ClassType@25e353dc
2022-10-31 12:47:12 DEBUG BasicTypeRegistry:156 - Adding type registration uuid-binary -> org.hibernate.type.UUIDBinaryType@2ae5580
2022-10-31 12:47:12 DEBUG BasicTypeRegistry:156 - Adding type registration java.util.UUID -> org.hibernate.type.UUIDBinaryType@2ae5580
2022-10-31 12:47:12 DEBUG BasicTypeRegistry:156 - Adding type registration uuid-char -> org.hibernate.type.UUIDCharType@5a58db42
2022-10-31 12:47:12 DEBUG BasicTypeRegistry:156 - Adding type registration binary -> org.hibernate.type.BinaryType@53ddabc6
2022-10-31 12:47:12 DEBUG BasicTypeRegistry:156 - Adding type registration byte[] -> org.hibernate.type.BinaryType@53ddabc6
2022-10-31 12:47:12 DEBUG BasicTypeRegistry:156 - Adding type registration [B -> org.hibernate.type.BinaryType@53ddabc6
2022-10-31 12:47:12 DEBUG BasicTypeRegistry:156 - Adding type registration wrapper-binary -> org.hibernate.type.WrapperBinaryType@146db8a6
2022-10-31 12:47:12 DEBUG BasicTypeRegistry:156 - Adding type registration Byte[] -> org.hibernate.type.WrapperBinaryType@146db8a6
2022-10-31 12:47:12 DEBUG BasicTypeRegistry:156 - Adding type registration [Ljava.lang.Byte; -> org.hibernate.type.WrapperBinaryType@146db8a6
2022-10-31 12:47:12 DEBUG BasicTypeRegistry:156 - Adding type registration row_version -> org.hibernate.type.RowVersionType@50ef2906
2022-10-31 12:47:12 DEBUG BasicTypeRegistry:156 - Adding type registration image -> org.hibernate.type.ImageType@3fc5d397
2022-10-31 12:47:12 DEBUG BasicTypeRegistry:156 - Adding type registration characters -> org.hibernate.type.CharArrayType@4790b897
2022-10-31 12:47:12 DEBUG BasicTypeRegistry:156 - Adding type registration char[] -> org.hibernate.type.CharArrayType@4790b897
2022-10-31 12:47:12 DEBUG BasicTypeRegistry:156 - Adding type registration [C -> org.hibernate.type.CharArrayType@4790b897
2022-10-31 12:47:12 DEBUG BasicTypeRegistry:156 - Adding type registration wrapper-characters -> org.hibernate.type.CharacterArrayType@2d705998
2022-10-31 12:47:12 DEBUG BasicTypeRegistry:156 - Adding type registration [Ljava.lang.Character; -> org.hibernate.type.CharacterArrayType@2d705998
2022-10-31 12:47:12 DEBUG BasicTypeRegistry:156 - Adding type registration Character[] -> org.hibernate.type.CharacterArrayType@2d705998
2022-10-31 12:47:12 DEBUG BasicTypeRegistry:156 - Adding type registration text -> org.hibernate.type.TextType@62c46e53
2022-10-31 12:47:12 DEBUG BasicTypeRegistry:156 - Adding type registration ntext -> org.hibernate.type.NTextType@3180aee
2022-10-31 12:47:12 DEBUG BasicTypeRegistry:156 - Adding type registration blob -> org.hibernate.type.BlobType@3ac406d4
2022-10-31 12:47:12 DEBUG BasicTypeRegistry:156 - Adding type registration java.sql.Blob -> org.hibernate.type.BlobType@3ac406d4
2022-10-31 12:47:12 DEBUG BasicTypeRegistry:156 - Adding type registration materialized_blob -> org.hibernate.type.MaterializedBlobType@612290d
2022-10-31 12:47:12 DEBUG BasicTypeRegistry:156 - Adding type registration clob -> org.hibernate.type.ClobType@341964d0
2022-10-31 12:47:12 DEBUG BasicTypeRegistry:156 - Adding type registration java.sql.Clob -> org.hibernate.type.ClobType@341964d0
2022-10-31 12:47:12 DEBUG BasicTypeRegistry:156 - Adding type registration nclob -> org.hibernate.type.NClobType@20556566
2022-10-31 12:47:12 DEBUG BasicTypeRegistry:156 - Adding type registration java.sql.NClob -> org.hibernate.type.NClobType@20556566
2022-10-31 12:47:12 DEBUG BasicTypeRegistry:156 - Adding type registration materialized_clob -> org.hibernate.type.MaterializedClobType@70e5737f
2022-10-31 12:47:12 DEBUG BasicTypeRegistry:156 - Adding type registration materialized_nclob -> org.hibernate.type.MaterializedNClobType@32d8710a
2022-10-31 12:47:12 DEBUG BasicTypeRegistry:156 - Adding type registration serializable -> org.hibernate.type.SerializableType@1eb7ec59
2022-10-31 12:47:12 DEBUG BasicTypeRegistry:156 - Adding type registration object -> org.hibernate.type.ObjectType@43b45ce4
2022-10-31 12:47:12 DEBUG BasicTypeRegistry:156 - Adding type registration java.lang.Object -> org.hibernate.type.ObjectType@43b45ce4
2022-10-31 12:47:12 DEBUG BasicTypeRegistry:156 - Adding type registration imm_date -> org.hibernate.type.AdaptedImmutableType@2459333a
2022-10-31 12:47:12 DEBUG BasicTypeRegistry:156 - Adding type registration imm_time -> org.hibernate.type.AdaptedImmutableType@1e6bd367
2022-10-31 12:47:12 DEBUG BasicTypeRegistry:156 - Adding type registration imm_timestamp -> org.hibernate.type.AdaptedImmutableType@2bd7f686
2022-10-31 12:47:12 DEBUG BasicTypeRegistry:156 - Adding type registration imm_dbtimestamp -> org.hibernate.type.AdaptedImmutableType@3601549f
2022-10-31 12:47:12 DEBUG BasicTypeRegistry:156 - Adding type registration imm_calendar -> org.hibernate.type.AdaptedImmutableType@5b2c7186
2022-10-31 12:47:12 DEBUG BasicTypeRegistry:156 - Adding type registration imm_calendar_date -> org.hibernate.type.AdaptedImmutableType@1b9c716f
2022-10-31 12:47:12 DEBUG BasicTypeRegistry:156 - Adding type registration imm_binary -> org.hibernate.type.AdaptedImmutableType@f6bc75c
2022-10-31 12:47:12 DEBUG BasicTypeRegistry:156 - Adding type registration imm_serializable -> org.hibernate.type.AdaptedImmutableType@33f2cf82
2022-10-31 12:47:12 DEBUG TypeConfiguration$Scope:152 - Scoping TypeConfiguration [org.hibernate.type.spi.TypeConfiguration@7af0693b] to MetadataBuildingContext [org.hibernate.boot.internal.MetadataBuildingContextRootImpl@1791396b]
2022-10-31 12:47:13 DEBUG EnumType:126 - Using ORDINAL-based conversion for Enum util.OrderStatus
2022-10-31 12:47:13 DEBUG EnumType:126 - Using ORDINAL-based conversion for Enum com.increff.util.InvoiceType
2022-10-31 12:47:13 DEBUG EnumType:126 - Using ORDINAL-based conversion for Enum com.increff.util.UserType
2022-10-31 12:47:13 DEBUG EnumType:126 - Using ORDINAL-based conversion for Enum util.OrderStatus
2022-10-31 12:47:13 DEBUG EnumType:126 - Using ORDINAL-based conversion for Enum com.increff.util.InvoiceType
2022-10-31 12:47:13 DEBUG EnumType:126 - Using ORDINAL-based conversion for Enum com.increff.util.UserType
2022-10-31 12:47:13 DEBUG TypeConfiguration$Scope:157 - Scoping TypeConfiguration [org.hibernate.type.spi.TypeConfiguration@7af0693b] to SessionFactoryImpl [org.hibernate.internal.SessionFactoryImpl@41538150]
2022-10-31 12:47:13 DEBUG EnumType:126 - Using ORDINAL-based conversion for Enum util.OrderStatus
2022-10-31 12:47:13 DEBUG EnumType:126 - Using ORDINAL-based conversion for Enum util.OrderStatus
2022-10-31 12:47:13 DEBUG EnumType:126 - Using ORDINAL-based conversion for Enum util.OrderStatus
2022-10-31 12:47:13 DEBUG EnumType:126 - Using ORDINAL-based conversion for Enum util.OrderStatus
2022-10-31 12:47:13 DEBUG EnumType:126 - Using ORDINAL-based conversion for Enum com.increff.util.InvoiceType
2022-10-31 12:47:13 DEBUG EnumType:126 - Using ORDINAL-based conversion for Enum com.increff.util.InvoiceType
2022-10-31 12:47:13 DEBUG EnumType:126 - Using ORDINAL-based conversion for Enum com.increff.util.InvoiceType
2022-10-31 12:47:13 DEBUG EnumType:126 - Using ORDINAL-based conversion for Enum com.increff.util.InvoiceType
2022-10-31 12:47:13 DEBUG EnumType:126 - Using ORDINAL-based conversion for Enum com.increff.util.UserType
2022-10-31 12:47:13 DEBUG EnumType:126 - Using ORDINAL-based conversion for Enum com.increff.util.UserType
2022-10-31 12:47:13 DEBUG EnumType:126 - Using ORDINAL-based conversion for Enum com.increff.util.UserType
2022-10-31 12:47:13 DEBUG EnumType:126 - Using ORDINAL-based conversion for Enum com.increff.util.UserType
2022-10-31 12:47:13 DEBUG EnumType:126 - Using ORDINAL-based conversion for Enum util.OrderStatus
2022-10-31 12:47:13 DEBUG EnumType:126 - Using ORDINAL-based conversion for Enum util.OrderStatus
2022-10-31 12:47:13 DEBUG EnumType:126 - Using ORDINAL-based conversion for Enum com.increff.util.InvoiceType
2022-10-31 12:47:13 DEBUG EnumType:126 - Using ORDINAL-based conversion for Enum com.increff.util.InvoiceType
2022-10-31 12:47:13 DEBUG EnumType:126 - Using ORDINAL-based conversion for Enum com.increff.util.UserType
2022-10-31 12:47:13 DEBUG EnumType:126 - Using ORDINAL-based conversion for Enum com.increff.util.UserType
2022-10-31 12:47:13 TRACE TypeConfiguration$Scope:205 - Handling #sessionFactoryCreated from [org.hibernate.internal.SessionFactoryImpl@41538150] for TypeConfiguration
2022-10-31 12:47:31 DEBUG SQL:94 - select binpojo0_.id as id1_1_, binpojo0_.created_at as created_2_1_, binpojo0_.updated_at as updated_3_1_, binpojo0_.version as version4_1_ from assure_bins binpojo0_
2022-10-31 12:47:31 TRACE BasicExtractor:61 - extracted value ([id1_1_] : [BIGINT]) - [2]
2022-10-31 12:47:31 TRACE BasicExtractor:61 - extracted value ([created_2_1_] : [TIMESTAMP]) - [2022-10-20T15:41:58+05:30[Asia/Kolkata]]
2022-10-31 12:47:31 TRACE BasicExtractor:61 - extracted value ([updated_3_1_] : [TIMESTAMP]) - [2022-10-20T15:41:58+05:30[Asia/Kolkata]]
2022-10-31 12:47:31 TRACE BasicExtractor:61 - extracted value ([version4_1_] : [BIGINT]) - [0]
2022-10-31 12:48:19 DEBUG SQL:94 - select binpojo0_.id as id1_1_, binpojo0_.created_at as created_2_1_, binpojo0_.updated_at as updated_3_1_, binpojo0_.version as version4_1_ from assure_bins binpojo0_
2022-10-31 12:48:19 WARN  SqlExceptionHelper:137 - SQL Error: 1146, SQLState: 42S02
2022-10-31 12:48:19 ERROR SqlExceptionHelper:142 - Table 'assure.assure_bins' doesn't exist
2022-10-31 12:49:42 TRACE TypeConfiguration$Scope:211 - Handling #sessionFactoryClosed from [org.hibernate.internal.SessionFactoryImpl@41538150] for TypeConfiguration
2022-10-31 12:49:42 DEBUG TypeConfiguration$Scope:350 - Un-scoping TypeConfiguration [org.hibernate.type.spi.TypeConfiguration$Scope@5a50861f] from SessionFactory [org.hibernate.internal.SessionFactoryImpl@41538150]
